<?xml version="1.0" encoding="UTF-8"?>
<robot generator="Robot 2.9 (Python 3.6.7 on linux)" generated="20190117 22:51:27.064">
<suite id="s1" name="Test Suites" source="/home/cpeterson/projects/src/python/robot/test_automation/test_automation/test_suites">
<suite id="s1-s1" name="User Interface" source="/home/cpeterson/projects/src/python/robot/test_automation/test_automation/test_suites/user_interface.robot">
<test id="s1-s1-t1" name="Test System Name">
<kw name="Check System Name" library="test_automation.test_suites.test_cases.MduGatewayTestCases">
<assign>
<var>${RESULT}</var>
</assign>
<msg timestamp="20190117 22:51:27.135" level="INFO">${RESULT} = True</msg>
<status status="PASS" starttime="20190117 22:51:27.127" endtime="20190117 22:51:27.135"></status>
</kw>
<kw name="Should Be True" library="BuiltIn">
<doc>Fails if the given condition is not true.</doc>
<arguments>
<arg>${RESULT}</arg>
</arguments>
<status status="PASS" starttime="20190117 22:51:27.135" endtime="20190117 22:51:27.135"></status>
</kw>
<status status="PASS" starttime="20190117 22:51:27.127" endtime="20190117 22:51:27.136" critical="yes"></status>
</test>
<status status="PASS" starttime="20190117 22:51:27.088" endtime="20190117 22:51:27.136"></status>
</suite>
<status status="PASS" starttime="20190117 22:51:27.064" endtime="20190117 22:51:27.136"></status>
</suite>
<statistics>
<total>
<stat pass="1" fail="0">Critical Tests</stat>
<stat pass="1" fail="0">All Tests</stat>
</total>
<tag>
</tag>
<suite>
<stat pass="1" fail="0" id="s1" name="Test Suites">Test Suites</stat>
<stat pass="1" fail="0" id="s1-s1" name="User Interface">Test Suites.User Interface</stat>
</suite>
</statistics>
<errors>
</errors>
</robot>
